{
  "RSpec": {
    "coverage": {
      "/Users/danielepeviani/Projects/Avantis/Avantis-App/spec/controllers/pages_controller_spec.rb": [
        1,
        null,
        1,
        null,
        1,
        null,
        1,
        1,
        2,
        null,
        null,
        1,
        1,
        1,
        null,
        null,
        1,
        1,
        null,
        null,
        null,
        null,
        null,
        null,
        null
      ],
      "/Users/danielepeviani/Projects/Avantis/Avantis-App/spec/rails_helper.rb": [
        null,
        1,
        1,
        null,
        1,
        null,
        1,
        null,
        null,
        null,
        null,
        null,
        null,
        null,
        null,
        null,
        null,
        null,
        null,
        null,
        null,
        null,
        null,
        null,
        null,
        null,
        1,
        null,
        1,
        null,
        1,
        null,
        1,
        null,
        null,
        null,
        null,
        1,
        null,
        null,
        null,
        null,
        null,
        null,
        null,
        null,
        null,
        null,
        null,
        null,
        null,
        null,
        1,
        null,
        null,
        1,
        null,
        null,
        null,
        null,
        1,
        1,
        1,
        null,
        1,
        null,
        null
      ],
      "/Users/danielepeviani/Projects/Avantis/Avantis-App/config/environment.rb": [
        null,
        1,
        null,
        null,
        1
      ],
      "/Users/danielepeviani/Projects/Avantis/Avantis-App/config/application.rb": [
        1,
        null,
        1,
        null,
        null,
        null,
        1,
        null,
        1,
        1,
        null,
        null,
        null,
        null,
        null,
        null,
        null,
        null,
        null,
        null,
        null,
        null,
        null,
        1,
        null,
        1,
        1,
        1,
        1,
        null,
        null,
        null
      ],
      "/Users/danielepeviani/Projects/Avantis/Avantis-App/config/boot.rb": [
        1,
        null,
        1
      ],
      "/Users/danielepeviani/Projects/Avantis/Avantis-App/config/environments/test.rb": [
        1,
        null,
        null,
        null,
        null,
        null,
        null,
        1,
        null,
        null,
        null,
        null,
        1,
        null,
        null,
        1,
        1,
        null,
        null,
        1,
        1,
        null,
        null,
        1,
        null,
        null,
        1,
        null,
        null,
        null,
        null,
        1,
        null,
        null,
        1,
        null,
        null,
        1,
        null,
        null,
        null,
        null
      ],
      "/Users/danielepeviani/Projects/Avantis/Avantis-App/config/initializers/assets.rb": [
        null,
        null,
        null,
        1,
        null,
        null,
        null,
        null,
        null,
        null,
        null
      ],
      "/Users/danielepeviani/Projects/Avantis/Avantis-App/config/initializers/backtrace_silencers.rb": [
        null,
        null,
        null,
        null,
        null,
        null,
        null
      ],
      "/Users/danielepeviani/Projects/Avantis/Avantis-App/config/initializers/cookies_serializer.rb": [
        null,
        null,
        1
      ],
      "/Users/danielepeviani/Projects/Avantis/Avantis-App/config/initializers/filter_parameter_logging.rb": [
        null,
        null,
        null,
        1
      ],
      "/Users/danielepeviani/Projects/Avantis/Avantis-App/config/initializers/inflections.rb": [
        null,
        null,
        null,
        null,
        null,
        null,
        null,
        null,
        null,
        null,
        null,
        null,
        null,
        null,
        null,
        null
      ],
      "/Users/danielepeviani/Projects/Avantis/Avantis-App/config/initializers/mime_types.rb": [
        null,
        null,
        null,
        null
      ],
      "/Users/danielepeviani/Projects/Avantis/Avantis-App/config/initializers/session_store.rb": [
        null,
        null,
        1
      ],
      "/Users/danielepeviani/Projects/Avantis/Avantis-App/config/initializers/wrap_parameters.rb": [
        null,
        null,
        null,
        null,
        null,
        null,
        1,
        1,
        null,
        null,
        null,
        null,
        null,
        null
      ],
      "/Users/danielepeviani/Projects/Avantis/Avantis-App/spec/factories.rb": [
        1,
        1,
        1,
        null,
        null,
        1,
        1,
        1,
        1,
        null,
        null,
        1,
        2,
        2,
        1,
        1,
        null,
        null,
        1,
        1,
        1,
        5,
        null,
        null,
        null
      ],
      "/Users/danielepeviani/Projects/Avantis/Avantis-App/config/routes.rb": [
        null,
        null,
        null,
        null,
        null,
        null,
        null,
        null,
        null,
        null,
        null,
        null,
        null,
        null,
        null,
        1,
        1,
        1,
        null,
        1,
        null,
        1,
        1,
        1,
        null
      ],
      "/Users/danielepeviani/Projects/Avantis/Avantis-App/app/helpers/application_helper.rb": [
        1,
        null
      ],
      "/Users/danielepeviani/Projects/Avantis/Avantis-App/app/controllers/pages_controller.rb": [
        1,
        1,
        null,
        null
      ],
      "/Users/danielepeviani/Projects/Avantis/Avantis-App/app/controllers/application_controller.rb": [
        1,
        null,
        null,
        1,
        null,
        1,
        null,
        1,
        1,
        8,
        0,
        null,
        8,
        null,
        null,
        1,
        0,
        null,
        null,
        null
      ],
      "/Users/danielepeviani/Projects/Avantis/Avantis-App/spec/controllers/projects_controller_spec.rb": [
        1,
        null,
        1,
        null,
        1,
        1,
        3,
        3,
        null,
        null,
        1,
        1,
        1,
        null,
        null,
        1,
        1,
        null,
        null,
        1,
        1,
        1,
        1,
        1,
        1,
        null,
        null,
        1,
        0,
        null,
        null,
        null,
        null,
        null,
        null,
        null,
        null,
        null,
        null,
        null,
        null,
        null,
        null,
        null,
        null,
        null,
        null,
        null,
        null,
        null
      ],
      "/Users/danielepeviani/Projects/Avantis/Avantis-App/app/controllers/projects_controller.rb": [
        1,
        null,
        1,
        3,
        0,
        null,
        null,
        null,
        null
      ],
      "/Users/danielepeviani/Projects/Avantis/Avantis-App/spec/controllers/session_controller_spec.rb": [
        1,
        null,
        1,
        null,
        1,
        1,
        1,
        1,
        null,
        null,
        null,
        null
      ],
      "/Users/danielepeviani/Projects/Avantis/Avantis-App/app/controllers/session_controller.rb": [
        1,
        1,
        null,
        null,
        1,
        0,
        0,
        0,
        0,
        0,
        null,
        0,
        0,
        null,
        null,
        0,
        0,
        null,
        null,
        null,
        1,
        0,
        0,
        null,
        null
      ],
      "/Users/danielepeviani/Projects/Avantis/Avantis-App/spec/controllers/users_controller_spec.rb": [
        1,
        null,
        1,
        null,
        1,
        null,
        1,
        1,
        2,
        null,
        null,
        1,
        1,
        1,
        null,
        null,
        null,
        null,
        1,
        1,
        null,
        null,
        null,
        null,
        null,
        null,
        null,
        null,
        null,
        null,
        null,
        null,
        null,
        null,
        null,
        null,
        null,
        null,
        null,
        null,
        null,
        null,
        null,
        null,
        null,
        null,
        null,
        null,
        null,
        null,
        null,
        null,
        null,
        null,
        null,
        null,
        null,
        null,
        null
      ],
      "/Users/danielepeviani/Projects/Avantis/Avantis-App/app/controllers/users_controller.rb": [
        1,
        1,
        2,
        null,
        null,
        1,
        0,
        0,
        0,
        0,
        0,
        null,
        0,
        null,
        null,
        null,
        1,
        0,
        0,
        null,
        null,
        1,
        0,
        0,
        0,
        0,
        0,
        0,
        null,
        0,
        null,
        0,
        0,
        null,
        null,
        null,
        1,
        1,
        0,
        null,
        null
      ],
      "/Users/danielepeviani/Projects/Avantis/Avantis-App/app/models/project.rb": [
        null,
        null,
        null,
        null,
        null,
        null,
        null,
        null,
        null,
        null,
        null,
        null,
        null,
        1,
        1,
        1,
        1,
        null
      ],
      "/Users/danielepeviani/Projects/Avantis/Avantis-App/app/models/user.rb": [
        null,
        null,
        null,
        null,
        null,
        null,
        null,
        null,
        null,
        null,
        null,
        null,
        null,
        1,
        null,
        1,
        1,
        1,
        1,
        null,
        1,
        1,
        1,
        null
      ]
    },
    "timestamp": 1488683184
  }
}
